vertx-web-kotlinx-exposed-vertx-sql-client-postgresql: Step 1/21 : FROM gradle:9.2.1-jdk25
vertx-web-kotlinx-exposed-vertx-sql-client-postgresql:  ---> 2212a01f25c1
vertx-web-kotlinx-exposed-vertx-sql-client-postgresql: Step 2/21 : WORKDIR /vertx-web-kotlinx
vertx-web-kotlinx-exposed-vertx-sql-client-postgresql:  ---> Running in 4f7a997afaf4
vertx-web-kotlinx-exposed-vertx-sql-client-postgresql:  ---> f4c06741da96
vertx-web-kotlinx-exposed-vertx-sql-client-postgresql: Step 3/21 : COPY .m2/repository/com/huanshankeji/exposed-vertx-sql-client-core/0.8.0-SNAPSHOT /root/.m2/repository/com/huanshankeji/exposed-vertx-sql-client-core/0.8.0-SNAPSHOT
vertx-web-kotlinx-exposed-vertx-sql-client-postgresql:  ---> bab2bec93c91
vertx-web-kotlinx-exposed-vertx-sql-client-postgresql: Step 4/21 : COPY .m2/repository/com/huanshankeji/exposed-vertx-sql-client-postgresql/0.8.0-SNAPSHOT /root/.m2/repository/com/huanshankeji/exposed-vertx-sql-client-postgresql/0.8.0-SNAPSHOT
vertx-web-kotlinx-exposed-vertx-sql-client-postgresql:  ---> 2730f06c6423
vertx-web-kotlinx-exposed-vertx-sql-client-postgresql: Step 5/21 : COPY gradle/libs.versions.toml gradle/libs.versions.toml
vertx-web-kotlinx-exposed-vertx-sql-client-postgresql:  ---> b795f9e84be6
vertx-web-kotlinx-exposed-vertx-sql-client-postgresql: Step 6/21 : COPY buildSrc buildSrc
vertx-web-kotlinx-exposed-vertx-sql-client-postgresql:  ---> 1dd854369ef4
vertx-web-kotlinx-exposed-vertx-sql-client-postgresql: Step 7/21 : COPY settings.gradle.kts settings.gradle.kts
vertx-web-kotlinx-exposed-vertx-sql-client-postgresql:  ---> 40d5e8f595f5
vertx-web-kotlinx-exposed-vertx-sql-client-postgresql: Step 8/21 : COPY build.gradle.kts build.gradle.kts
vertx-web-kotlinx-exposed-vertx-sql-client-postgresql:  ---> f976a6d1ce49
vertx-web-kotlinx-exposed-vertx-sql-client-postgresql: Step 9/21 : COPY gradle.properties gradle.properties
vertx-web-kotlinx-exposed-vertx-sql-client-postgresql:  ---> 840a7be17e29
vertx-web-kotlinx-exposed-vertx-sql-client-postgresql: Step 10/21 : RUN mkdir -p common without-db/default with-db/common with-db/default with-db/r2dbc-common with-db/r2dbc with-db/exposed-common with-db/exposed-r2dbc with-db/exposed-vertx-sql-client
vertx-web-kotlinx-exposed-vertx-sql-client-postgresql:  ---> Running in 4915dc037792
vertx-web-kotlinx-exposed-vertx-sql-client-postgresql:  ---> 607c48ed53a1
vertx-web-kotlinx-exposed-vertx-sql-client-postgresql: Step 11/21 : COPY common/build.gradle.kts common/build.gradle.kts
vertx-web-kotlinx-exposed-vertx-sql-client-postgresql:  ---> 8f87aef189a3
vertx-web-kotlinx-exposed-vertx-sql-client-postgresql: Step 12/21 : COPY common/src common/src
vertx-web-kotlinx-exposed-vertx-sql-client-postgresql:  ---> 08c84b54bbdc
vertx-web-kotlinx-exposed-vertx-sql-client-postgresql: Step 13/21 : COPY with-db/common/build.gradle.kts with-db/common/build.gradle.kts
vertx-web-kotlinx-exposed-vertx-sql-client-postgresql:  ---> 0cb64381658e
vertx-web-kotlinx-exposed-vertx-sql-client-postgresql: Step 14/21 : COPY with-db/common/src with-db/common/src
vertx-web-kotlinx-exposed-vertx-sql-client-postgresql:  ---> 9f1360b0ab49
vertx-web-kotlinx-exposed-vertx-sql-client-postgresql: Step 15/21 : COPY with-db/exposed-common/build.gradle.kts with-db/exposed-common/build.gradle.kts
vertx-web-kotlinx-exposed-vertx-sql-client-postgresql:  ---> 2a401205272f
vertx-web-kotlinx-exposed-vertx-sql-client-postgresql: Step 16/21 : COPY with-db/exposed-common/src with-db/exposed-common/src
vertx-web-kotlinx-exposed-vertx-sql-client-postgresql:  ---> 941f2346519e
vertx-web-kotlinx-exposed-vertx-sql-client-postgresql: Step 17/21 : COPY with-db/exposed-vertx-sql-client/build.gradle.kts with-db/exposed-vertx-sql-client/build.gradle.kts
vertx-web-kotlinx-exposed-vertx-sql-client-postgresql:  ---> aacaff344b77
vertx-web-kotlinx-exposed-vertx-sql-client-postgresql: Step 18/21 : COPY with-db/exposed-vertx-sql-client/src with-db/exposed-vertx-sql-client/src
vertx-web-kotlinx-exposed-vertx-sql-client-postgresql:  ---> 201883cea438
vertx-web-kotlinx-exposed-vertx-sql-client-postgresql: Step 19/21 : RUN gradle --no-daemon with-db:exposed-vertx-sql-client:installDist
vertx-web-kotlinx-exposed-vertx-sql-client-postgresql:  ---> Running in cbfbbc65dbf2
vertx-web-kotlinx-exposed-vertx-sql-client-postgresql: To honour the JVM settings for this build a single-use Daemon process will be forked. For more on this, please refer to https://docs.gradle.org/9.2.1/userguide/gradle_daemon.html#sec:disabling_the_daemon in the Gradle documentation.
vertx-web-kotlinx-exposed-vertx-sql-client-postgresql: Daemon will be stopped at the end of the build 
vertx-web-kotlinx-exposed-vertx-sql-client-postgresql: Calculating task graph as no cached configuration is available for tasks: with-db:exposed-vertx-sql-client:installDist
vertx-web-kotlinx-exposed-vertx-sql-client-postgresql: 
vertx-web-kotlinx-exposed-vertx-sql-client-postgresql: FAILURE: Build failed with an exception.
vertx-web-kotlinx-exposed-vertx-sql-client-postgresql: * What went wrong:
vertx-web-kotlinx-exposed-vertx-sql-client-postgresql: A problem occurred configuring project ':buildSrc'.
vertx-web-kotlinx-exposed-vertx-sql-client-postgresql: > Could not resolve all artifacts for configuration 'classpath'.
vertx-web-kotlinx-exposed-vertx-sql-client-postgresql:    > Could not resolve org.jetbrains.kotlin:fus-statistics-gradle-plugin:2.3.0.
vertx-web-kotlinx-exposed-vertx-sql-client-postgresql:      Required by:
vertx-web-kotlinx-exposed-vertx-sql-client-postgresql:          buildscript of project ':buildSrc' > org.jetbrains.kotlin.jvm:org.jetbrains.kotlin.jvm.gradle.plugin:2.3.0 > org.jetbrains.kotlin:kotlin-gradle-plugin:2.3.0
vertx-web-kotlinx-exposed-vertx-sql-client-postgresql:          buildscript of project ':buildSrc' > org.jetbrains.kotlin.jvm:org.jetbrains.kotlin.jvm.gradle.plugin:2.3.0 > org.jetbrains.kotlin:kotlin-gradle-plugin:2.3.0 > org.jetbrains.kotlin:kotlin-gradle-plugins-bom:2.3.0
vertx-web-kotlinx-exposed-vertx-sql-client-postgresql:       > Could not resolve org.jetbrains.kotlin:fus-statistics-gradle-plugin:2.3.0.
vertx-web-kotlinx-exposed-vertx-sql-client-postgresql:          > Could not get resource 'https://plugins.gradle.org/m2/org/jetbrains/kotlin/fus-statistics-gradle-plugin/2.3.0/fus-statistics-gradle-plugin-2.3.0.pom'.
vertx-web-kotlinx-exposed-vertx-sql-client-postgresql:             > Could not GET 'https://repo.maven.apache.org/maven2/org/jetbrains/kotlin/fus-statistics-gradle-plugin/2.3.0/fus-statistics-gradle-plugin-2.3.0.pom'.
vertx-web-kotlinx-exposed-vertx-sql-client-postgresql:                > repo.maven.apache.org: Temporary failure in name resolution
vertx-web-kotlinx-exposed-vertx-sql-client-postgresql:    > Could not resolve org.jetbrains.kotlin:kotlin-gradle-plugin-idea-proto:2.3.0.
vertx-web-kotlinx-exposed-vertx-sql-client-postgresql:      Required by:
vertx-web-kotlinx-exposed-vertx-sql-client-postgresql:          buildscript of project ':buildSrc' > org.jetbrains.kotlin.jvm:org.jetbrains.kotlin.jvm.gradle.plugin:2.3.0 > org.jetbrains.kotlin:kotlin-gradle-plugin:2.3.0
vertx-web-kotlinx-exposed-vertx-sql-client-postgresql:       > Could not resolve org.jetbrains.kotlin:kotlin-gradle-plugin-idea-proto:2.3.0.
vertx-web-kotlinx-exposed-vertx-sql-client-postgresql:          > Could not get resource 'https://plugins.gradle.org/m2/org/jetbrains/kotlin/kotlin-gradle-plugin-idea-proto/2.3.0/kotlin-gradle-plugin-idea-proto-2.3.0.pom'.
vertx-web-kotlinx-exposed-vertx-sql-client-postgresql:             > Could not GET 'https://repo.maven.apache.org/maven2/org/jetbrains/kotlin/kotlin-gradle-plugin-idea-proto/2.3.0/kotlin-gradle-plugin-idea-proto-2.3.0.pom'.
vertx-web-kotlinx-exposed-vertx-sql-client-postgresql:                > repo.maven.apache.org
vertx-web-kotlinx-exposed-vertx-sql-client-postgresql:    > Could not resolve org.jetbrains.kotlin:kotlin-compiler-runner:2.3.0.
vertx-web-kotlinx-exposed-vertx-sql-client-postgresql:      Required by:
vertx-web-kotlinx-exposed-vertx-sql-client-postgresql:          buildscript of project ':buildSrc' > org.jetbrains.kotlin.jvm:org.jetbrains.kotlin.jvm.gradle.plugin:2.3.0 > org.jetbrains.kotlin:kotlin-gradle-plugin:2.3.0
vertx-web-kotlinx-exposed-vertx-sql-client-postgresql:       > Could not resolve org.jetbrains.kotlin:kotlin-compiler-runner:2.3.0.
vertx-web-kotlinx-exposed-vertx-sql-client-postgresql:          > Could not get resource 'https://plugins.gradle.org/m2/org/jetbrains/kotlin/kotlin-compiler-runner/2.3.0/kotlin-compiler-runner-2.3.0.pom'.
vertx-web-kotlinx-exposed-vertx-sql-client-postgresql:             > Could not GET 'https://repo.maven.apache.org/maven2/org/jetbrains/kotlin/kotlin-compiler-runner/2.3.0/kotlin-compiler-runner-2.3.0.pom'.
vertx-web-kotlinx-exposed-vertx-sql-client-postgresql:                > repo.maven.apache.org
vertx-web-kotlinx-exposed-vertx-sql-client-postgresql: 
vertx-web-kotlinx-exposed-vertx-sql-client-postgresql: * Try:
vertx-web-kotlinx-exposed-vertx-sql-client-postgresql: > Run with --stacktrace option to get the stack trace.
vertx-web-kotlinx-exposed-vertx-sql-client-postgresql: > Run with --info or --debug option to get more log output.
vertx-web-kotlinx-exposed-vertx-sql-client-postgresql: > Run with --scan to generate a Build Scan (powered by Develocity).
vertx-web-kotlinx-exposed-vertx-sql-client-postgresql: > Get more help at https://help.gradle.org.
vertx-web-kotlinx-exposed-vertx-sql-client-postgresql: BUILD FAILED in 1m 41s
vertx-web-kotlinx-exposed-vertx-sql-client-postgresql: Configuration cache entry stored.
vertx-web-kotlinx-exposed-vertx-sql-client-postgresql: Docker build failed; terminating
vertx-web-kotlinx-exposed-vertx-sql-client-postgresql: Traceback (most recent call last):
vertx-web-kotlinx-exposed-vertx-sql-client-postgresql:   File "/FrameworkBenchmarks/toolset/utils/docker_helper.py", line 53, in __build
vertx-web-kotlinx-exposed-vertx-sql-client-postgresql:     raise Exception(token['errorDetail']['message'])
vertx-web-kotlinx-exposed-vertx-sql-client-postgresql: Exception: The command '/bin/sh -c gradle --no-daemon with-db:exposed-vertx-sql-client:installDist' returned a non-zero code: 1
vertx-web-kotlinx-exposed-vertx-sql-client-postgresql: Build time: 2m 0s
