vertx-web-kotlinx-exposed-vertx-sql-client-postgresql: Step 1/21 : FROM gradle:9.2.1-jdk25
vertx-web-kotlinx-exposed-vertx-sql-client-postgresql:  ---> 2212a01f25c1
vertx-web-kotlinx-exposed-vertx-sql-client-postgresql: Step 2/21 : WORKDIR /vertx-web-kotlinx
vertx-web-kotlinx-exposed-vertx-sql-client-postgresql:  ---> Running in a93cecd8ea82
vertx-web-kotlinx-exposed-vertx-sql-client-postgresql:  ---> 9cdca1d2cfa5
vertx-web-kotlinx-exposed-vertx-sql-client-postgresql: Step 3/21 : COPY .m2/repository/com/huanshankeji/exposed-vertx-sql-client-core/0.8.0-SNAPSHOT /root/.m2/repository/com/huanshankeji/exposed-vertx-sql-client-core/0.8.0-SNAPSHOT
vertx-web-kotlinx-exposed-vertx-sql-client-postgresql:  ---> b82bbe0972a8
vertx-web-kotlinx-exposed-vertx-sql-client-postgresql: Step 4/21 : COPY .m2/repository/com/huanshankeji/exposed-vertx-sql-client-postgresql/0.8.0-SNAPSHOT /root/.m2/repository/com/huanshankeji/exposed-vertx-sql-client-postgresql/0.8.0-SNAPSHOT
vertx-web-kotlinx-exposed-vertx-sql-client-postgresql:  ---> 78f6cc0d3190
vertx-web-kotlinx-exposed-vertx-sql-client-postgresql: Step 5/21 : COPY gradle/libs.versions.toml gradle/libs.versions.toml
vertx-web-kotlinx-exposed-vertx-sql-client-postgresql:  ---> 6ba57b253f03
vertx-web-kotlinx-exposed-vertx-sql-client-postgresql: Step 6/21 : COPY buildSrc buildSrc
vertx-web-kotlinx-exposed-vertx-sql-client-postgresql:  ---> f6e8a8e8ad18
vertx-web-kotlinx-exposed-vertx-sql-client-postgresql: Step 7/21 : COPY settings.gradle.kts settings.gradle.kts
vertx-web-kotlinx-exposed-vertx-sql-client-postgresql:  ---> 13eac4f9b143
vertx-web-kotlinx-exposed-vertx-sql-client-postgresql: Step 8/21 : COPY build.gradle.kts build.gradle.kts
vertx-web-kotlinx-exposed-vertx-sql-client-postgresql:  ---> 183af0d8af47
vertx-web-kotlinx-exposed-vertx-sql-client-postgresql: Step 9/21 : COPY gradle.properties gradle.properties
vertx-web-kotlinx-exposed-vertx-sql-client-postgresql:  ---> 48b84f3e7a14
vertx-web-kotlinx-exposed-vertx-sql-client-postgresql: Step 10/21 : RUN mkdir -p common without-db/default with-db/common with-db/default with-db/r2dbc-common with-db/r2dbc with-db/exposed-common with-db/exposed-r2dbc with-db/exposed-vertx-sql-client
vertx-web-kotlinx-exposed-vertx-sql-client-postgresql:  ---> Running in f90378cc56fb
vertx-web-kotlinx-exposed-vertx-sql-client-postgresql:  ---> b277bbf73c8e
vertx-web-kotlinx-exposed-vertx-sql-client-postgresql: Step 11/21 : COPY common/build.gradle.kts common/build.gradle.kts
vertx-web-kotlinx-exposed-vertx-sql-client-postgresql:  ---> 7829762a2e66
vertx-web-kotlinx-exposed-vertx-sql-client-postgresql: Step 12/21 : COPY common/src common/src
vertx-web-kotlinx-exposed-vertx-sql-client-postgresql:  ---> 9176c14aef59
vertx-web-kotlinx-exposed-vertx-sql-client-postgresql: Step 13/21 : COPY with-db/common/build.gradle.kts with-db/common/build.gradle.kts
vertx-web-kotlinx-exposed-vertx-sql-client-postgresql:  ---> 9dc00edeefa2
vertx-web-kotlinx-exposed-vertx-sql-client-postgresql: Step 14/21 : COPY with-db/common/src with-db/common/src
vertx-web-kotlinx-exposed-vertx-sql-client-postgresql:  ---> 1c9ef0054e74
vertx-web-kotlinx-exposed-vertx-sql-client-postgresql: Step 15/21 : COPY with-db/exposed-common/build.gradle.kts with-db/exposed-common/build.gradle.kts
vertx-web-kotlinx-exposed-vertx-sql-client-postgresql:  ---> 7118549bd545
vertx-web-kotlinx-exposed-vertx-sql-client-postgresql: Step 16/21 : COPY with-db/exposed-common/src with-db/exposed-common/src
vertx-web-kotlinx-exposed-vertx-sql-client-postgresql:  ---> 0ce1a604011c
vertx-web-kotlinx-exposed-vertx-sql-client-postgresql: Step 17/21 : COPY with-db/exposed-vertx-sql-client/build.gradle.kts with-db/exposed-vertx-sql-client/build.gradle.kts
vertx-web-kotlinx-exposed-vertx-sql-client-postgresql:  ---> b9aa0da7ccec
vertx-web-kotlinx-exposed-vertx-sql-client-postgresql: Step 18/21 : COPY with-db/exposed-vertx-sql-client/src with-db/exposed-vertx-sql-client/src
vertx-web-kotlinx-exposed-vertx-sql-client-postgresql:  ---> 0061990c65a4
vertx-web-kotlinx-exposed-vertx-sql-client-postgresql: Step 19/21 : RUN gradle --no-daemon with-db:exposed-vertx-sql-client:installDist
vertx-web-kotlinx-exposed-vertx-sql-client-postgresql:  ---> Running in a8b72b445573
vertx-web-kotlinx-exposed-vertx-sql-client-postgresql: To honour the JVM settings for this build a single-use Daemon process will be forked. For more on this, please refer to https://docs.gradle.org/9.2.1/userguide/gradle_daemon.html#sec:disabling_the_daemon in the Gradle documentation.
vertx-web-kotlinx-exposed-vertx-sql-client-postgresql: Daemon will be stopped at the end of the build 
vertx-web-kotlinx-exposed-vertx-sql-client-postgresql: Calculating task graph as no cached configuration is available for tasks: with-db:exposed-vertx-sql-client:installDist
vertx-web-kotlinx-exposed-vertx-sql-client-postgresql: > Configure project :buildSrc
vertx-web-kotlinx-exposed-vertx-sql-client-postgresql: WARNING: Unsupported Kotlin plugin version.
vertx-web-kotlinx-exposed-vertx-sql-client-postgresql: The `embedded-kotlin` and `kotlin-dsl` plugins rely on features of Kotlin `2.2.20` that might work differently than in the requested version `2.3.0`.
vertx-web-kotlinx-exposed-vertx-sql-client-postgresql: > Task :buildSrc:checkKotlinGradlePluginConfigurationErrors SKIPPED
vertx-web-kotlinx-exposed-vertx-sql-client-postgresql: > Task :buildSrc:generateExternalPluginSpecBuilders
vertx-web-kotlinx-exposed-vertx-sql-client-postgresql: > Task :buildSrc:extractPrecompiledScriptPluginPlugins
vertx-web-kotlinx-exposed-vertx-sql-client-postgresql: > Task :buildSrc:compilePluginsBlocks
vertx-web-kotlinx-exposed-vertx-sql-client-postgresql: > Task :buildSrc:compilePluginsBlocks FAILED
vertx-web-kotlinx-exposed-vertx-sql-client-postgresql: 
vertx-web-kotlinx-exposed-vertx-sql-client-postgresql: FAILURE: Build failed with an exception.
vertx-web-kotlinx-exposed-vertx-sql-client-postgresql: 
vertx-web-kotlinx-exposed-vertx-sql-client-postgresql: * What went wrong:
vertx-web-kotlinx-exposed-vertx-sql-client-postgresql: Execution failed for task ':buildSrc:compilePluginsBlocks'.
vertx-web-kotlinx-exposed-vertx-sql-client-postgresql: > Could not resolve all files for configuration ':buildSrc:compilePluginsBlocksPluginClasspathElements'.
vertx-web-kotlinx-exposed-vertx-sql-client-postgresql:    > Could not resolve org.jetbrains.kotlin:kotlin-scripting-compiler-embeddable:2.3.0.
vertx-web-kotlinx-exposed-vertx-sql-client-postgresql:      Required by:
vertx-web-kotlinx-exposed-vertx-sql-client-postgresql:          project ':buildSrc'
vertx-web-kotlinx-exposed-vertx-sql-client-postgresql:       > Could not resolve org.jetbrains.kotlin:kotlin-scripting-compiler-embeddable:2.3.0.
vertx-web-kotlinx-exposed-vertx-sql-client-postgresql:          > Could not get resource 'https://plugins.gradle.org/m2/org/jetbrains/kotlin/kotlin-scripting-compiler-embeddable/2.3.0/kotlin-scripting-compiler-embeddable-2.3.0.pom'.
vertx-web-kotlinx-exposed-vertx-sql-client-postgresql:             > Could not GET 'https://repo.maven.apache.org/maven2/org/jetbrains/kotlin/kotlin-scripting-compiler-embeddable/2.3.0/kotlin-scripting-compiler-embeddable-2.3.0.pom'.
vertx-web-kotlinx-exposed-vertx-sql-client-postgresql:                > repo.maven.apache.org: Temporary failure in name resolution
vertx-web-kotlinx-exposed-vertx-sql-client-postgresql: > There is 1 more failure with an identical cause.
vertx-web-kotlinx-exposed-vertx-sql-client-postgresql: 
vertx-web-kotlinx-exposed-vertx-sql-client-postgresql: * Try:
vertx-web-kotlinx-exposed-vertx-sql-client-postgresql: > Run with --stacktrace option to get the stack trace.
vertx-web-kotlinx-exposed-vertx-sql-client-postgresql: > Run with --info or --debug option to get more log output.
vertx-web-kotlinx-exposed-vertx-sql-client-postgresql: > Run with --scan to generate a Build Scan (powered by Develocity).
vertx-web-kotlinx-exposed-vertx-sql-client-postgresql: > Get more help at https://help.gradle.org.
vertx-web-kotlinx-exposed-vertx-sql-client-postgresql: BUILD FAILED3 actionable tasks: 3 executed
vertx-web-kotlinx-exposed-vertx-sql-client-postgresql: Configuration cache entry stored. in 2m 40s
vertx-web-kotlinx-exposed-vertx-sql-client-postgresql: 
vertx-web-kotlinx-exposed-vertx-sql-client-postgresql: Docker build failed; terminating
vertx-web-kotlinx-exposed-vertx-sql-client-postgresql: Traceback (most recent call last):
vertx-web-kotlinx-exposed-vertx-sql-client-postgresql:   File "/FrameworkBenchmarks/toolset/utils/docker_helper.py", line 53, in __build
vertx-web-kotlinx-exposed-vertx-sql-client-postgresql:     raise Exception(token['errorDetail']['message'])
vertx-web-kotlinx-exposed-vertx-sql-client-postgresql: Exception: The command '/bin/sh -c gradle --no-daemon with-db:exposed-vertx-sql-client:installDist' returned a non-zero code: 1
vertx-web-kotlinx-exposed-vertx-sql-client-postgresql: Build time: 3m 14s
