vertx-web-kotlinx-exposed-vertx-sql-client-postgresql: Step 1/21 : FROM gradle:9.2.1-jdk25
vertx-web-kotlinx-exposed-vertx-sql-client-postgresql:  ---> 2212a01f25c1
vertx-web-kotlinx-exposed-vertx-sql-client-postgresql: Step 2/21 : WORKDIR /vertx-web-kotlinx
vertx-web-kotlinx-exposed-vertx-sql-client-postgresql:  ---> Running in 3bf1718a4546
vertx-web-kotlinx-exposed-vertx-sql-client-postgresql:  ---> 654e4b026930
vertx-web-kotlinx-exposed-vertx-sql-client-postgresql: Step 3/21 : COPY .m2/repository/com/huanshankeji/exposed-vertx-sql-client-core/0.8.0-SNAPSHOT /root/.m2/repository/com/huanshankeji/exposed-vertx-sql-client-core/0.8.0-SNAPSHOT
vertx-web-kotlinx-exposed-vertx-sql-client-postgresql:  ---> aa4a9ebb1edc
vertx-web-kotlinx-exposed-vertx-sql-client-postgresql: Step 4/21 : COPY .m2/repository/com/huanshankeji/exposed-vertx-sql-client-postgresql/0.8.0-SNAPSHOT /root/.m2/repository/com/huanshankeji/exposed-vertx-sql-client-postgresql/0.8.0-SNAPSHOT
vertx-web-kotlinx-exposed-vertx-sql-client-postgresql:  ---> 07fd15411086
vertx-web-kotlinx-exposed-vertx-sql-client-postgresql: Step 5/21 : COPY gradle/libs.versions.toml gradle/libs.versions.toml
vertx-web-kotlinx-exposed-vertx-sql-client-postgresql:  ---> d5d1392cefcf
vertx-web-kotlinx-exposed-vertx-sql-client-postgresql: Step 6/21 : COPY buildSrc buildSrc
vertx-web-kotlinx-exposed-vertx-sql-client-postgresql:  ---> e2392e51c25f
vertx-web-kotlinx-exposed-vertx-sql-client-postgresql: Step 7/21 : COPY settings.gradle.kts settings.gradle.kts
vertx-web-kotlinx-exposed-vertx-sql-client-postgresql:  ---> 4dba232b06d3
vertx-web-kotlinx-exposed-vertx-sql-client-postgresql: Step 8/21 : COPY build.gradle.kts build.gradle.kts
vertx-web-kotlinx-exposed-vertx-sql-client-postgresql:  ---> 1d2ce541e438
vertx-web-kotlinx-exposed-vertx-sql-client-postgresql: Step 9/21 : COPY gradle.properties gradle.properties
vertx-web-kotlinx-exposed-vertx-sql-client-postgresql:  ---> 3dbacd06f08b
vertx-web-kotlinx-exposed-vertx-sql-client-postgresql: Step 10/21 : RUN mkdir -p common without-db/default with-db/common with-db/default with-db/r2dbc-common with-db/r2dbc with-db/exposed-common with-db/exposed-r2dbc with-db/exposed-vertx-sql-client
vertx-web-kotlinx-exposed-vertx-sql-client-postgresql:  ---> Running in c1940880f3e3
vertx-web-kotlinx-exposed-vertx-sql-client-postgresql:  ---> bfcd214fba01
vertx-web-kotlinx-exposed-vertx-sql-client-postgresql: Step 11/21 : COPY common/build.gradle.kts common/build.gradle.kts
vertx-web-kotlinx-exposed-vertx-sql-client-postgresql:  ---> a081dc409101
vertx-web-kotlinx-exposed-vertx-sql-client-postgresql: Step 12/21 : COPY common/src common/src
vertx-web-kotlinx-exposed-vertx-sql-client-postgresql:  ---> 64fa4e9882b7
vertx-web-kotlinx-exposed-vertx-sql-client-postgresql: Step 13/21 : COPY with-db/common/build.gradle.kts with-db/common/build.gradle.kts
vertx-web-kotlinx-exposed-vertx-sql-client-postgresql:  ---> 755aa9ee7812
vertx-web-kotlinx-exposed-vertx-sql-client-postgresql: Step 14/21 : COPY with-db/common/src with-db/common/src
vertx-web-kotlinx-exposed-vertx-sql-client-postgresql:  ---> f03043bf6414
vertx-web-kotlinx-exposed-vertx-sql-client-postgresql: Step 15/21 : COPY with-db/exposed-common/build.gradle.kts with-db/exposed-common/build.gradle.kts
vertx-web-kotlinx-exposed-vertx-sql-client-postgresql:  ---> b075161f5938
vertx-web-kotlinx-exposed-vertx-sql-client-postgresql: Step 16/21 : COPY with-db/exposed-common/src with-db/exposed-common/src
vertx-web-kotlinx-exposed-vertx-sql-client-postgresql:  ---> 590e4fc77211
vertx-web-kotlinx-exposed-vertx-sql-client-postgresql: Step 17/21 : COPY with-db/exposed-vertx-sql-client/build.gradle.kts with-db/exposed-vertx-sql-client/build.gradle.kts
vertx-web-kotlinx-exposed-vertx-sql-client-postgresql:  ---> 0e180d1b5788
vertx-web-kotlinx-exposed-vertx-sql-client-postgresql: Step 18/21 : COPY with-db/exposed-vertx-sql-client/src with-db/exposed-vertx-sql-client/src
vertx-web-kotlinx-exposed-vertx-sql-client-postgresql:  ---> 89a27616eeeb
vertx-web-kotlinx-exposed-vertx-sql-client-postgresql: Step 19/21 : RUN gradle --no-daemon with-db:exposed-vertx-sql-client:installDist
vertx-web-kotlinx-exposed-vertx-sql-client-postgresql:  ---> Running in f802e82b7c70
vertx-web-kotlinx-exposed-vertx-sql-client-postgresql: To honour the JVM settings for this build a single-use Daemon process will be forked. For more on this, please refer to https://docs.gradle.org/9.2.1/userguide/gradle_daemon.html#sec:disabling_the_daemon in the Gradle documentation.
vertx-web-kotlinx-exposed-vertx-sql-client-postgresql: Daemon will be stopped at the end of the build 
vertx-web-kotlinx-exposed-vertx-sql-client-postgresql: Calculating task graph as no cached configuration is available for tasks: with-db:exposed-vertx-sql-client:installDist
vertx-web-kotlinx-exposed-vertx-sql-client-postgresql: > Configure project :buildSrc
vertx-web-kotlinx-exposed-vertx-sql-client-postgresql: WARNING: Unsupported Kotlin plugin version.
vertx-web-kotlinx-exposed-vertx-sql-client-postgresql: The `embedded-kotlin` and `kotlin-dsl` plugins rely on features of Kotlin `2.2.20` that might work differently than in the requested version `2.3.0`.
vertx-web-kotlinx-exposed-vertx-sql-client-postgresql: > Task :buildSrc:checkKotlinGradlePluginConfigurationErrors SKIPPED
vertx-web-kotlinx-exposed-vertx-sql-client-postgresql: > Task :buildSrc:generateExternalPluginSpecBuilders
vertx-web-kotlinx-exposed-vertx-sql-client-postgresql: > Task :buildSrc:extractPrecompiledScriptPluginPlugins
vertx-web-kotlinx-exposed-vertx-sql-client-postgresql: > Task :buildSrc:compilePluginsBlocks
vertx-web-kotlinx-exposed-vertx-sql-client-postgresql: > Task :buildSrc:compilePluginsBlocks FAILED
vertx-web-kotlinx-exposed-vertx-sql-client-postgresql: 
vertx-web-kotlinx-exposed-vertx-sql-client-postgresql: FAILURE: Build failed with an exception.
vertx-web-kotlinx-exposed-vertx-sql-client-postgresql: * What went wrong:
vertx-web-kotlinx-exposed-vertx-sql-client-postgresql: Execution failed for task ':buildSrc:compilePluginsBlocks'.
vertx-web-kotlinx-exposed-vertx-sql-client-postgresql: > Could not resolve all files for configuration ':buildSrc:compilePluginsBlocksPluginClasspathElements'.
vertx-web-kotlinx-exposed-vertx-sql-client-postgresql:    > Could not resolve org.jetbrains.kotlin:kotlin-scripting-compiler-embeddable:2.3.0.
vertx-web-kotlinx-exposed-vertx-sql-client-postgresql:      Required by:
vertx-web-kotlinx-exposed-vertx-sql-client-postgresql:          project ':buildSrc'
vertx-web-kotlinx-exposed-vertx-sql-client-postgresql:       > Could not resolve org.jetbrains.kotlin:kotlin-scripting-compiler-embeddable:2.3.0.
vertx-web-kotlinx-exposed-vertx-sql-client-postgresql:          > Could not get resource 'https://plugins.gradle.org/m2/org/jetbrains/kotlin/kotlin-scripting-compiler-embeddable/2.3.0/kotlin-scripting-compiler-embeddable-2.3.0.pom'.
vertx-web-kotlinx-exposed-vertx-sql-client-postgresql:             > Could not GET 'https://plugins.gradle.org/m2/org/jetbrains/kotlin/kotlin-scripting-compiler-embeddable/2.3.0/kotlin-scripting-compiler-embeddable-2.3.0.pom'.
vertx-web-kotlinx-exposed-vertx-sql-client-postgresql:                > plugins.gradle.org: Temporary failure in name resolution
vertx-web-kotlinx-exposed-vertx-sql-client-postgresql: > There is 1 more failure with an identical cause.
vertx-web-kotlinx-exposed-vertx-sql-client-postgresql: * Try:
vertx-web-kotlinx-exposed-vertx-sql-client-postgresql: > Run with --stacktrace option to get the stack trace.
vertx-web-kotlinx-exposed-vertx-sql-client-postgresql: > Run with --info or --debug option to get more log output.
vertx-web-kotlinx-exposed-vertx-sql-client-postgresql: > Run with --scan to generate a Build Scan (powered by Develocity).
vertx-web-kotlinx-exposed-vertx-sql-client-postgresql: > Get more help at https://help.gradle.org.
vertx-web-kotlinx-exposed-vertx-sql-client-postgresql: BUILD FAILED in 5m 30s
vertx-web-kotlinx-exposed-vertx-sql-client-postgresql: 3 actionable tasks: 3 executed
vertx-web-kotlinx-exposed-vertx-sql-client-postgresql: Configuration cache entry stored.
vertx-web-kotlinx-exposed-vertx-sql-client-postgresql: Docker build failed; terminating
vertx-web-kotlinx-exposed-vertx-sql-client-postgresql: Traceback (most recent call last):
vertx-web-kotlinx-exposed-vertx-sql-client-postgresql:   File "/FrameworkBenchmarks/toolset/utils/docker_helper.py", line 53, in __build
vertx-web-kotlinx-exposed-vertx-sql-client-postgresql:     raise Exception(token['errorDetail']['message'])
vertx-web-kotlinx-exposed-vertx-sql-client-postgresql: Exception: The command '/bin/sh -c gradle --no-daemon with-db:exposed-vertx-sql-client:installDist' returned a non-zero code: 1
vertx-web-kotlinx-exposed-vertx-sql-client-postgresql: Build time: 6m 17s
